Copyright 1986-2018 Xilinx, Inc. All Rights Reserved.
--------------------------------------------------------------------------------------
| Tool Version : Vivado v.2018.3 (win64) Build 2405991 Thu Dec  6 23:38:27 MST 2018
| Date         : Tue Jan 15 05:43:01 2019
| Host         : SilverPhantasm running 64-bit major release  (build 9200)
| Command      : report_control_sets -verbose -file seven_seg_control_sets_placed.rpt
| Design       : seven_seg
| Device       : xc7a35t
--------------------------------------------------------------------------------------

Control Set Information

Table of Contents
-----------------
1. Summary
2. Histogram
3. Flip-Flop Distribution
4. Detailed Control Set Information

1. Summary
----------

+----------------------------------------------------------+-------+
|                          Status                          | Count |
+----------------------------------------------------------+-------+
| Number of unique control sets                            |     3 |
| Unused register locations in slices containing registers |    17 |
+----------------------------------------------------------+-------+


2. Histogram
------------

+--------+--------------+
| Fanout | Control Sets |
+--------+--------------+
|      1 |            1 |
|      2 |            1 |
|      4 |            1 |
+--------+--------------+


3. Flip-Flop Distribution
-------------------------

+--------------+-----------------------+------------------------+-----------------+--------------+
| Clock Enable | Synchronous Set/Reset | Asynchronous Set/Reset | Total Registers | Total Slices |
+--------------+-----------------------+------------------------+-----------------+--------------+
| No           | No                    | No                     |               0 |            0 |
| No           | No                    | Yes                    |               0 |            0 |
| No           | Yes                   | No                     |               7 |            7 |
| Yes          | No                    | No                     |               0 |            0 |
| Yes          | No                    | Yes                    |               0 |            0 |
| Yes          | Yes                   | No                     |               0 |            0 |
+--------------+-----------------------+------------------------+-----------------+--------------+


4. Detailed Control Set Information
-----------------------------------

+---------------------+---------------+--------------------+------------------+----------------+
|     Clock Signal    | Enable Signal |  Set/Reset Signal  | Slice Load Count | Bel Load Count |
+---------------------+---------------+--------------------+------------------+----------------+
|  seg_reg[1]_i_2_n_0 |               | seg_reg[1]_i_3_n_0 |                1 |              1 |
|  seg_reg[6]_i_2_n_0 |               | seg_reg[6]_i_3_n_0 |                2 |              2 |
|  seg_reg[5]_i_2_n_0 |               | seg_reg[5]_i_3_n_0 |                4 |              4 |
+---------------------+---------------+--------------------+------------------+----------------+


